<?xml version="1.0" encoding="UTF-8"?>
<testsuite name="TicTacToeTest" tests="1" skipped="0" failures="0" errors="0" timestamp="2020-08-28T19:46:20" hostname="LAPTOP-O7BM1RTI" time="0.494">
  <properties/>
  <testcase name="start" classname="TicTacToeTest" time="0.494"/>
  <system-out><![CDATA[?[1;31m
Start test 1?[0m
---------
|       |
|       |
|       |
---------
> 2 2
---------
|       |
|   X   |
|       |
---------
> 3 1
---------
|       |
|   X   |
|     O |
---------
> 3 4
You should enter numbers!
> 3 4
You should enter numbers!
> 3 3
---------
|     X |
|   X   |
|     O |
---------
> 1 1
---------
|     X |
|   X   |
| O   O |
---------
> 4 1
You should enter numbers!
> 4 4
You should enter numbers!
> 1 3
---------
| X   X |
|   X   |
| O   O |
---------
> 1 2
---------
| X   X |
| O X   |
| O   O |
---------
> 1 1
You should enter numbers!
> 1 2
You should enter numbers!
> 1 3
You should enter numbers!
> 2 1
---------
| X   X |
| O X   |
| O X O |
---------
> 2 2
You should enter numbers!
> 2 3
---------
| X O X |
| O X   |
| O X O |
---------
> 3 1
You should enter numbers!
> 3 2
---------
| X O X |
| O X X |
| O X O |
---------
Draw
?[1;31m
Start test 2?[0m
---------
|       |
|       |
|       |
---------
> 4 1
You should enter numbers!
> 1 2
---------
|       |
| X     |
|       |
---------
> 2 2
---------
|       |
| X O   |
|       |
---------
> 2 3
---------
|   X   |
| X O   |
|       |
---------
> 3 3
---------
|   X O |
| X O   |
|       |
---------
> 2 1
---------
|   X O |
| X O   |
|   X   |
---------
> 4 3
You should enter numbers!
> 2 3
You should enter numbers!
> 3 1
---------
|   X O |
| X O   |
|   X O |
---------
> 3 3
You should enter numbers!
> 3 2
---------
|   X O |
| X O X |
|   X O |
---------
> 1 2
You should enter numbers!
> 1 3
---------
| O X O |
| X O X |
|   X O |
---------
O wins
?[1;31m
Start test 3?[0m
---------
|       |
|       |
|       |
---------
> 1 3
---------
| X     |
|       |
|       |
---------
> 3 2
---------
| X     |
|     O |
|       |
---------
> 4 3
You should enter numbers!
> 1 3
You should enter numbers!
> 3 4
You should enter numbers!
> 1 2
---------
| X     |
| X   O |
|       |
---------
> 3 4
You should enter numbers!
> 3 1
---------
| X     |
| X   O |
|     O |
---------
> 2 4
You should enter numbers!
> 3 2
You should enter numbers!
> 1 3
You should enter numbers!
> 2 1
---------
| X     |
| X   O |
|   X O |
---------
> 2 2
---------
| X     |
| X O O |
|   X O |
---------
> 2 3
---------
| X X   |
| X O O |
|   X O |
---------
> 3 1
You should enter numbers!
> 3 2
You should enter numbers!
> 3 3
---------
| X X O |
| X O O |
|   X O |
---------
O wins
?[1;31m
Start test 4?[0m
---------
|       |
|       |
|       |
---------
> 4 3
You should enter numbers!
> 3 2
---------
|       |
|     X |
|       |
---------
> 3 1
---------
|       |
|     X |
|     O |
---------
> 1 1
---------
|       |
|     X |
| X   O |
---------
> 1 4
You should enter numbers!
> 1 3
---------
| O     |
|     X |
| X   O |
---------
> 2 2
---------
| O     |
|   X X |
| X   O |
---------
> 2 3
---------
| O O   |
|   X X |
| X   O |
---------
> 2 1
---------
| O O   |
|   X X |
| X X O |
---------
> 1 1
You should enter numbers!
> 1 3
You should enter numbers!
> 2 1
You should enter numbers!
> 2 2
You should enter numbers!
> 2 3
You should enter numbers!
> 3 1
You should enter numbers!
> 3 2
You should enter numbers!
> 3 3
---------
| O O O |
|   X X |
| X X O |
---------
O wins
?[1;31m
Start test 5?[0m
---------
|       |
|       |
|       |
---------
> 3 3
---------
|     X |
|       |
|       |
---------
> 4 1
You should enter numbers!
> 3 3
You should enter numbers!
> 1 2
---------
|     X |
| O     |
|       |
---------
> 1 4
You should enter numbers!
> 3 4
You should enter numbers!
> 2 2
---------
|     X |
| O X   |
|       |
---------
> 3 4
You should enter numbers!
> 4 1
You should enter numbers!
> 3 4
You should enter numbers!
> 2 2
You should enter numbers!
> 2 3
---------
|   O X |
| O X   |
|       |
---------
> 3 1
---------
|   O X |
| O X   |
|     X |
---------
> 3 2
---------
|   O X |
| O X O |
|     X |
---------
> 3 3
You should enter numbers!
> 1 1
---------
|   O X |
| O X O |
| X   X |
---------
X wins
?[1;31m
Start test 6?[0m
---------
|       |
|       |
|       |
---------
> 4 5
You should enter numbers!
> 4 3
You should enter numbers!
> 3 4
You should enter numbers!
> 1 1
---------
|       |
|       |
| X     |
---------
> 3 2
---------
|       |
|     O |
| X     |
---------
> 2 2
---------
|       |
|   X O |
| X     |
---------
> 2 4
You should enter numbers!
> 1 3
---------
| O     |
|   X O |
| X     |
---------
> 2 4
You should enter numbers!
> 4 3
You should enter numbers!
> 2 3
---------
| O X   |
|   X O |
| X     |
---------
> 2 3
You should enter numbers!
> 3 1
---------
| O X   |
|   X O |
| X   O |
---------
> 3 2
You should enter numbers!
> 3 3
---------
| O X X |
|   X O |
| X   O |
---------
X wins
?[1;31m
Start test 7?[0m
---------
|       |
|       |
|       |
---------
> 1 4
You should enter numbers!
> 3 3
---------
|     X |
|       |
|       |
---------
> 2 1
---------
|     X |
|       |
|   O   |
---------
> 4 4
You should enter numbers!
> 3 1
---------
|     X |
|       |
|   O X |
---------
> 3 2
---------
|     X |
|     O |
|   O X |
---------
> 4 4
You should enter numbers!
> 1 3
---------
| X   X |
|     O |
|   O X |
---------
> 3 3
You should enter numbers!
> 1 3
You should enter numbers!
> 3 1
You should enter numbers!
> 3 2
You should enter numbers!
> 3 3
You should enter numbers!
> 1 1
---------
| X   X |
|     O |
| O O X |
---------
> 1 2
---------
| X   X |
| X   O |
| O O X |
---------
> 1 3
You should enter numbers!
> 2 1
You should enter numbers!
> 2 2
---------
| X   X |
| X O O |
| O O X |
---------
> 2 3
---------
| X X X |
| X O O |
| O O X |
---------
X wins
?[1;31m
Start test 8?[0m
---------
|       |
|       |
|       |
---------
> 4 7
You should enter numbers!
> 3 3
---------
|     X |
|       |
|       |
---------
> 4 1
You should enter numbers!
> 3 3
You should enter numbers!
> 3 1
---------
|     X |
|       |
|     O |
---------
> 4 2
You should enter numbers!
> 2 4
You should enter numbers!
> 3 1
You should enter numbers!
> 4 1
You should enter numbers!
> 2 2
---------
|     X |
|   X   |
|     O |
---------
> 2 3
---------
|   O X |
|   X   |
|     O |
---------
> 3 2
---------
|   O X |
|   X X |
|     O |
---------
> 3 3
You should enter numbers!
> 1 1
---------
|   O X |
|   X X |
| O   O |
---------
> 1 2
---------
|   O X |
| X X X |
| O   O |
---------
X wins
?[1;31m
Start test 9?[0m
---------
|       |
|       |
|       |
---------
> 4 1
You should enter numbers!
> 2 1
---------
|       |
|       |
|   X   |
---------
> 4 1
You should enter numbers!
> 1 1
---------
|       |
|       |
| O X   |
---------
> 2 1
You should enter numbers!
> 1 3
---------
| X     |
|       |
| O X   |
---------
> 2 2
---------
| X     |
|   O   |
| O X   |
---------
> 2 4
You should enter numbers!
> 4 3
You should enter numbers!
> 4 3
You should enter numbers!
> 3 3
---------
| X   X |
|   O   |
| O X   |
---------
> 1 1
You should enter numbers!
> 1 2
---------
| X   X |
| O O   |
| O X   |
---------
> 1 3
You should enter numbers!
> 2 1
You should enter numbers!
> 2 2
You should enter numbers!
> 2 3
---------
| X X X |
| O O   |
| O X   |
---------
X wins
]]></system-out>
  <system-err><![CDATA[]]></system-err>
</testsuite>
